This file contains any messages produced by compilers while
running configure, to aid debugging if configure makes a mistake.

configure:558: checking for a BSD compatible install
configure:611: checking whether build environment is sane
configure:668: checking whether make sets ${MAKE}
configure:714: checking for working aclocal
configure:727: checking for working autoconf
configure:740: checking for working automake
configure:753: checking for working autoheader
configure:766: checking for working makeinfo
configure:786: checking for gcc
configure:899: checking whether the C compiler (gcc  ) works
configure:915: gcc -o conftest    conftest.c  1>&5
configure:912:1: warning: return type defaults to 'int' [-Wimplicit-int]
 main(){return(0);}
 ^~~~
configure:941: checking whether the C compiler (gcc  ) is a cross-compiler
configure:946: checking whether we are using GNU C
configure:955: gcc -E conftest.c
configure:974: checking whether gcc accepts -g
configure:1017: checking for a BSD compatible install
configure:1070: checking whether make sets ${MAKE}
configure:1098: checking for main in -lncurses
configure:1113: gcc -o conftest -g -O2   conftest.c -lncurses   1>&5
/usr/bin/ld: cannot find -lncurses
collect2: error: ld returned 1 exit status
configure: failed program was:
#line 1106 "configure"
#include "confdefs.h"

int main() {
main()
; return 0; }
configure:1142: checking how to run the C preprocessor
configure:1163: gcc -E  conftest.c >/dev/null 2>conftest.out
configure:1222: checking for ANSI C header files
configure:1235: gcc -E  conftest.c >/dev/null 2>conftest.out
configure:1302: gcc -o conftest -g -O2   conftest.c  1>&5
configure: In function 'main':
configure:1297:67: warning: implicit declaration of function 'exit' [-Wimplicit-function-declaration]
 if (XOR (islower (i), ISLOWER (i)) || toupper (i) != TOUPPER (i)) exit(2);
                                                                   ^~~~
configure:1297:67: warning: incompatible implicit declaration of built-in function 'exit'
configure:1297:67: note: include '<stdlib.h>' or provide a declaration of 'exit'
configure:1298:1: warning: incompatible implicit declaration of built-in function 'exit'
 exit (0); }
 ^~~~
configure:1298:1: note: include '<stdlib.h>' or provide a declaration of 'exit'
configure:1329: checking for fcntl.h
configure:1339: gcc -E  conftest.c >/dev/null 2>conftest.out
configure:1329: checking for sys/ioctl.h
configure:1339: gcc -E  conftest.c >/dev/null 2>conftest.out
configure:1329: checking for unistd.h
configure:1339: gcc -E  conftest.c >/dev/null 2>conftest.out
configure:1329: checking for termios.h
configure:1339: gcc -E  conftest.c >/dev/null 2>conftest.out
configure:1329: checking for termio.h
configure:1339: gcc -E  conftest.c >/dev/null 2>conftest.out
configure:1368: checking return type of signal handlers
configure:1390: gcc -c -g -O2  conftest.c 1>&5
configure:1411: checking for putenv
configure:1439: gcc -o conftest -g -O2   conftest.c  1>&5
configure:1469: checking for curses.h
configure:1479: gcc -E  conftest.c >/dev/null 2>conftest.out
configure:1475:20: fatal error: curses.h: No such file or directory
 #include <$ac_hdr>
                    ^
compilation terminated.
configure: failed program was:
#line 1474 "configure"
#include "confdefs.h"
#include <curses.h>
configure:1469: checking for ncurses.h
configure:1479: gcc -E  conftest.c >/dev/null 2>conftest.out
configure:1475:21: fatal error: ncurses.h: No such file or directory
 #include <$ac_hdr>
                     ^
compilation terminated.
configure: failed program was:
#line 1474 "configure"
#include "confdefs.h"
#include <ncurses.h>
configure:1508: checking for tgetent in -lncurses
configure:1527: gcc -o conftest -g -O2   conftest.c -lncurses   1>&5
/usr/bin/ld: cannot find -lncurses
collect2: error: ld returned 1 exit status
configure: failed program was:
#line 1516 "configure"
#include "confdefs.h"
/* Override any gcc2 internal prototype to avoid an error.  */
/* We use char because int might match the return type of a gcc2
    builtin and then its argument prototype would still apply.  */
char tgetent();

int main() {
tgetent()
; return 0; }
configure:1551: checking for tgetent in -lcurses
configure:1570: gcc -o conftest -g -O2   conftest.c -lcurses   1>&5
/usr/bin/ld: cannot find -lcurses
collect2: error: ld returned 1 exit status
configure: failed program was:
#line 1559 "configure"
#include "confdefs.h"
/* Override any gcc2 internal prototype to avoid an error.  */
/* We use char because int might match the return type of a gcc2
    builtin and then its argument prototype would still apply.  */
char tgetent();

int main() {
tgetent()
; return 0; }
configure:1595: checking for tgetent in -ltermcap
configure:1614: gcc -o conftest -g -O2   conftest.c -ltermcap   1>&5
/usr/bin/ld: cannot find -ltermcap
collect2: error: ld returned 1 exit status
configure: failed program was:
#line 1603 "configure"
#include "confdefs.h"
/* Override any gcc2 internal prototype to avoid an error.  */
/* We use char because int might match the return type of a gcc2
    builtin and then its argument prototype would still apply.  */
char tgetent();

int main() {
tgetent()
; return 0; }
configure:1647: checking for use_default_colors in -l
configure:1666: gcc -o conftest -g -O2   conftest.c -l   1>&5
gcc: error: missing argument to '-l'
configure: failed program was:
#line 1655 "configure"
#include "confdefs.h"
/* Override any gcc2 internal prototype to avoid an error.  */
/* We use char because int might match the return type of a gcc2
    builtin and then its argument prototype would still apply.  */
char use_default_colors();

int main() {
use_default_colors()
; return 0; }
configure:1690: checking for resizeterm in -l
configure:1709: gcc -o conftest -g -O2   conftest.c -l   1>&5
gcc: error: missing argument to '-l'
configure: failed program was:
#line 1698 "configure"
#include "confdefs.h"
/* Override any gcc2 internal prototype to avoid an error.  */
/* We use char because int might match the return type of a gcc2
    builtin and then its argument prototype would still apply.  */
char resizeterm();

int main() {
resizeterm()
; return 0; }
configure:1733: checking for wresize in -l
configure:1752: gcc -o conftest -g -O2   conftest.c -l   1>&5
gcc: error: missing argument to '-l'
configure: failed program was:
#line 1741 "configure"
#include "confdefs.h"
/* Override any gcc2 internal prototype to avoid an error.  */
/* We use char because int might match the return type of a gcc2
    builtin and then its argument prototype would still apply.  */
char wresize();

int main() {
wresize()
; return 0; }
configure:1784: checking for consolechars
configure:1820: checking for setfont
configure:1885: checking for /usr/lib/kbd/consolefonts
configure:1885: checking for /usr/share/consolefonts
configure:1933: checking for mkfontdir
configure:1971: checking for /usr/lib/X11/fonts/misc
configure:1971: checking for /usr/X11R6/lib/X11/fonts/misc
