Completion	    Enabled?  Description
apm		      [x]
awscli		      [ ]
bash-it		      [x]
brew		      [x]
bundler		      [x]
capistrano	      [x]
composer	      [x]
conda		      [ ]
defaults	      [x]
dirs		      [x]
django		      [x]
docker		      [x]
docker-compose	      [x]
docker-machine	      [x]
drush		      [x]
fabric-completion.bash	[x]
gem		      [x]
gh		      [x]
git		      [x]
git_flow_avh	      [x]
git_flow	      [x]
go		      [x]
gradle		      [x]
grunt		      [x]
gulp		      [x]
homesick	      [x]
hub		      [x]
jboss7		      [x]
jungle		      [ ]
kontena		      [ ]
kubectl		      [x]
makefile	      [x]
maven		      [x]
ng		      [ ]
npm		      [x]
nvm		      [x]
openshift	      [ ]
packer		      [x]
pip3		      [x]
pip		      [x]
projects	      [x]
rake		      [x]
rvm		      [x]
salt		      [x]
sdkman		      [x]
ssh		      [x]
svn		      [x]
system		      [x]
terraform	      [x]
test_kitchen	      [x]
tmux		      [x]
todo		      [x]
vagrant		      [x]
vault		      [x]
virtualbox	      [ ]

to enable a completion, do:
$ bash-it enable completion  <completion name> [completion name]... -or- $ bash-it enable completion all

to disable a completion, do:
$ bash-it disable completion <completion name> [completion name]... -or- $ bash-it disable completion all
